2024-04-09 08:12:24,167 [ERROR] LogOutputStream:75 - [STDERR_REDIRECT] 
2024-04-09 10:05:18,918 [INFO] Activator:176 - 


2024-04-09 10:05:18,920 [INFO] Activator:177 - !SESSION log4j initialized
2024-04-09 10:05:21,820 [INFO] LogOutputStream:77 - [STDOUT_REDIRECT] 
2024-04-09 10:05:23,636 [INFO] ApplicationProperties:184 - Using Application install path: C:\Users\marqu\STM32CubeIDE_1.15.0\STM32CubeIDE\plugins\com.st.stm32cube.common.mx_6.11.0.202403141607
2024-04-09 10:05:23,651 [INFO] DbMcusXml:78 - Set database path to: C:\Users\marqu\STM32CubeIDE_1.15.0\STM32CubeIDE\plugins\com.st.stm32cube.common.mx_6.11.0.202403141607\\db\/mcu/
2024-04-09 10:05:23,651 [INFO] ApiDb:274 - Set plugin database path to: C:\Users\marqu\STM32CubeIDE_1.15.0\STM32CubeIDE\plugins\com.st.stm32cube.common.mx_6.11.0.202403141607\\db\/plugins/boardmanager/
2024-04-09 10:05:23,652 [WARN] ApiDb:259 - Overriding images path with different value:  => C:\Users\marqu\STM32CubeIDE_1.15.0\STM32CubeIDE\plugins\com.st.stm32cube.common.mx_6.11.0.202403141607\\db\/plugins/mcufinder/images/
2024-04-09 10:05:23,663 [INFO] ApiDb:250 - Set database path to: C:\Users\marqu\.stmcufinder\plugins\mcufinder//mcu/
2024-04-09 10:05:23,665 [INFO] DbMcusAds:125 - Set database path to: C:\Users\marqu\.stmcufinder\plugins\mcufinder//mcu/
2024-04-09 10:05:23,667 [INFO] CrossReferenceDbSqlite:203 - Set database path to: C:\Users\marqu\.stmcufinder\plugins\mcufinder//mcu/cs/
2024-04-09 10:05:23,767 [INFO] RulesReader:64 - Compatibility file has been processed (297 Rules)
2024-04-09 10:05:23,849 [INFO] DbMcusXml:78 - Set database path to: C:\Users\marqu\STM32CubeIDE_1.15.0\STM32CubeIDE\plugins\com.st.stm32cube.common.mx_6.11.0.202403141607\\db\/mcu/
2024-04-09 10:05:23,849 [INFO] ApiDb:274 - Set plugin database path to: C:\Users\marqu\STM32CubeIDE_1.15.0\STM32CubeIDE\plugins\com.st.stm32cube.common.mx_6.11.0.202403141607\\db\/plugins/boardmanager/
2024-04-09 10:05:23,849 [INFO] ApiDb:261 - Set plugin images path to: C:\Users\marqu\STM32CubeIDE_1.15.0\STM32CubeIDE\plugins\com.st.stm32cube.common.mx_6.11.0.202403141607\\db\/plugins/mcufinder/images/
2024-04-09 10:05:23,850 [WARN] DbFile:41 - Overriding database path with different value: C:\Users\marqu\.stmcufinder\plugins\mcufinder/ => C:\Users\marqu\.stmcufinder\plugins\mcufinder
2024-04-09 10:05:23,850 [INFO] ApiDb:250 - Set database path to: C:\Users\marqu\.stmcufinder\plugins\mcufinder//mcu/
2024-04-09 10:05:23,850 [WARN] DbFile:41 - Overriding database path with different value: C:\Users\marqu\.stmcufinder\plugins\mcufinder/ => C:\Users\marqu\.stmcufinder\plugins\mcufinder
2024-04-09 10:05:23,850 [INFO] DbMcusAds:125 - Set database path to: C:\Users\marqu\.stmcufinder\plugins\mcufinder//mcu/
2024-04-09 10:05:23,850 [WARN] DbFile:41 - Overriding database path with different value: C:\Users\marqu\.stmcufinder\plugins\mcufinder/ => C:\Users\marqu\.stmcufinder\plugins\mcufinder
2024-04-09 10:05:23,850 [WARN] DbFile:41 - Overriding database path with different value: C:\Users\marqu\.stmcufinder\plugins\mcufinder/ => C:\Users\marqu\.stmcufinder\plugins\mcufinder
2024-04-09 10:05:23,850 [INFO] CrossReferenceDbSqlite:203 - Set database path to: C:\Users\marqu\.stmcufinder\plugins\mcufinder//mcu/cs/
2024-04-09 10:05:23,923 [INFO] MainPanel:264 - HeapMemory: 268435456
2024-04-09 10:05:24,001 [INFO] DbMcusXml:78 - Set database path to: C:\Users\marqu\STM32CubeIDE_1.15.0\STM32CubeIDE\plugins\com.st.stm32cube.common.mx_6.11.0.202403141607\\db\/mcu/
2024-04-09 10:05:24,001 [INFO] ApiDb:274 - Set plugin database path to: C:\Users\marqu\STM32CubeIDE_1.15.0\STM32CubeIDE\plugins\com.st.stm32cube.common.mx_6.11.0.202403141607\\db\/plugins/boardmanager/
2024-04-09 10:05:24,001 [INFO] ApiDb:261 - Set plugin images path to: C:\Users\marqu\STM32CubeIDE_1.15.0\STM32CubeIDE\plugins\com.st.stm32cube.common.mx_6.11.0.202403141607\\db\/plugins/mcufinder/images/
2024-04-09 10:05:24,001 [WARN] DbFile:41 - Overriding database path with different value: C:\Users\marqu\.stmcufinder\plugins\mcufinder/ => C:\Users\marqu\.stmcufinder\plugins\mcufinder
2024-04-09 10:05:24,001 [INFO] ApiDb:250 - Set database path to: C:\Users\marqu\.stmcufinder\plugins\mcufinder//mcu/
2024-04-09 10:05:24,001 [WARN] DbFile:41 - Overriding database path with different value: C:\Users\marqu\.stmcufinder\plugins\mcufinder/ => C:\Users\marqu\.stmcufinder\plugins\mcufinder
2024-04-09 10:05:24,001 [INFO] DbMcusAds:125 - Set database path to: C:\Users\marqu\.stmcufinder\plugins\mcufinder//mcu/
2024-04-09 10:05:24,002 [WARN] DbFile:41 - Overriding database path with different value: C:\Users\marqu\.stmcufinder\plugins\mcufinder/ => C:\Users\marqu\.stmcufinder\plugins\mcufinder
2024-04-09 10:05:24,002 [WARN] DbFile:41 - Overriding database path with different value: C:\Users\marqu\.stmcufinder\plugins\mcufinder/ => C:\Users\marqu\.stmcufinder\plugins\mcufinder
2024-04-09 10:05:24,002 [INFO] CrossReferenceDbSqlite:203 - Set database path to: C:\Users\marqu\.stmcufinder\plugins\mcufinder//mcu/cs/
2024-04-09 10:05:24,018 [INFO] ApplicationProperties:184 - Using Application install path: C:\Users\marqu\STM32CubeIDE_1.15.0\STM32CubeIDE\plugins\com.st.stm32cube.common.mx_6.11.0.202403141607
2024-04-09 10:05:24,020 [INFO] PluginManage:196 - Search for loadable plugins [exclusion list=, ]
2024-04-09 10:05:24,021 [INFO] PluginManage:310 - Check plugin analytics
2024-04-09 10:05:24,142 [INFO] AnalyticsPlugin:253 - Accepted Software Licenses: STM32CubeMX.6.11.0
2024-04-09 10:05:24,142 [INFO] AnalyticsPlugin:255 - Accepted CMSIS Pack Licenses: 
2024-04-09 10:05:24,143 [INFO] AnalyticsPlugin:257 - Accepted Firmware Licenses: FW.G0.1.6.0
2024-04-09 10:05:24,144 [INFO] PluginManage:359 - Loaded plugin analytics (category:tool,tabindex:-1)
2024-04-09 10:05:24,145 [INFO] PluginManage:310 - Check plugin cadmodel
2024-04-09 10:05:24,158 [INFO] CADModel:105 - Init CAD model plugin
2024-04-09 10:05:24,158 [INFO] PluginManage:359 - Loaded plugin cadmodel (category:power,tabindex:5)
2024-04-09 10:05:24,158 [INFO] PluginManage:310 - Check plugin clock
2024-04-09 10:05:24,177 [INFO] PluginManage:359 - Loaded plugin clock (category:base,tabindex:2)
2024-04-09 10:05:24,178 [INFO] PluginManage:310 - Check plugin ddr
2024-04-09 10:05:24,180 [INFO] PluginManage:359 - Loaded plugin ddr (category:tool,tabindex:6)
2024-04-09 10:05:24,180 [INFO] PluginManage:310 - Check plugin filemanager
2024-04-09 10:05:24,325 [INFO] PluginManage:359 - Loaded plugin filemanager (category:base,tabindex:10)
2024-04-09 10:05:24,326 [INFO] PluginManage:310 - Check plugin ipmanager
2024-04-09 10:05:24,333 [INFO] PluginManage:359 - Loaded plugin ipmanager (category:base,tabindex:5)
2024-04-09 10:05:24,333 [INFO] PluginManage:310 - Check plugin lpbam
2024-04-09 10:05:24,349 [INFO] PluginManage:359 - Loaded plugin lpbam (category:base,tabindex:0)
2024-04-09 10:05:24,350 [INFO] PluginManage:310 - Check plugin memorymap
2024-04-09 10:05:24,371 [INFO] PluginManage:359 - Loaded plugin memorymap (category:base,tabindex:4)
2024-04-09 10:05:24,372 [INFO] PluginManage:310 - Check plugin pinoutandconfiguration
2024-04-09 10:05:24,387 [INFO] PluginManage:359 - Loaded plugin pinoutandconfiguration (category:base,tabindex:1)
2024-04-09 10:05:24,387 [INFO] PluginManage:310 - Check plugin pinoutconfig
2024-04-09 10:05:24,469 [WARN] SupportedApi:132 - Cannot load RTOS API schema: s4s-elt-must-match.1: The content of 'definitions' must match (annotation?, (simpleType | complexType)?, (unique | key | keyref)*)). A problem was found starting at: attribute.
2024-04-09 10:05:24,575 [INFO] PluginManage:359 - Loaded plugin pinoutconfig (category:base,tabindex:0)
2024-04-09 10:05:24,575 [INFO] PluginManage:310 - Check plugin power
2024-04-09 10:05:24,591 [INFO] PluginManage:359 - Loaded plugin power (category:power,tabindex:4)
2024-04-09 10:05:24,592 [INFO] PluginManage:310 - Check plugin projectmanager
2024-04-09 10:05:24,605 [INFO] PluginManage:359 - Loaded plugin projectmanager (category:projectmanager,tabindex:3)
2024-04-09 10:05:24,605 [INFO] PluginManage:310 - Check plugin thirdparty
2024-04-09 10:05:24,774 [INFO] PluginManage:359 - Loaded plugin thirdparty (category:base,tabindex:-1)
2024-04-09 10:05:24,774 [WARN] IntegrityCheckThread:84 - waiting for thirdparty lock release [integrity check]
2024-04-09 10:05:24,774 [INFO] PluginManage:310 - Check plugin tools
2024-04-09 10:05:24,774 [INFO] IntegrityCheckThread:86 - entering critical section [integrity check]
2024-04-09 10:05:24,775 [INFO] ThirdPartyUpdaterWithRetryManager:70 - Updater plugin not ready yet. [1/15]
2024-04-09 10:05:24,778 [INFO] PluginManage:359 - Loaded plugin tools (category:base,tabindex:7)
2024-04-09 10:05:24,778 [INFO] PluginManage:310 - Check plugin tutovideos
2024-04-09 10:05:24,936 [INFO] PluginManage:359 - Loaded plugin tutovideos (category:base,tabindex:-1)
2024-04-09 10:05:24,936 [INFO] PluginManage:310 - Check plugin updater
2024-04-09 10:05:24,945 [INFO] PluginManage:359 - Loaded plugin updater (category:base,tabindex:12)
2024-04-09 10:05:24,945 [INFO] PluginManage:310 - Check plugin userauth
2024-04-09 10:05:24,951 [INFO] UserAuth:114 - Init User Auth plugin
2024-04-09 10:05:24,951 [INFO] PluginManage:359 - Loaded plugin userauth (category:base,tabindex:14)
2024-04-09 10:05:24,951 [INFO] PluginManage:283 - PluginManage : Loaded plugins [17]
2024-04-09 10:05:25,147 [INFO] PinOutPanel:1561 - setPackage(No Configuration,No Configuration)
2024-04-09 10:05:25,215 [INFO] CADModel:165 - CPN selected for project level
2024-04-09 10:05:25,216 [INFO] CADModel:114 - Register for checkConnection events
2024-04-09 10:05:25,239 [INFO] IPUIPlugin:80 - create IPUIPlugin
2024-04-09 10:05:25,239 [INFO] PluginManager:220 - loadIPPluginJar : add adc
2024-04-09 10:05:25,271 [INFO] IPUIPlugin:80 - create IPUIPlugin
2024-04-09 10:05:25,271 [INFO] PluginManager:220 - loadIPPluginJar : add aes
2024-04-09 10:05:25,306 [INFO] IPUIPlugin:80 - create IPUIPlugin
2024-04-09 10:05:25,306 [INFO] PluginManager:220 - loadIPPluginJar : add can
2024-04-09 10:05:25,326 [INFO] IPUIPlugin:80 - create IPUIPlugin
2024-04-09 10:05:25,326 [INFO] PluginManager:220 - loadIPPluginJar : add comp
2024-04-09 10:05:25,355 [INFO] IPUIPlugin:80 - create IPUIPlugin
2024-04-09 10:05:25,355 [INFO] PluginManager:220 - loadIPPluginJar : add cryp
2024-04-09 10:05:25,380 [INFO] IPUIPlugin:80 - create IPUIPlugin
2024-04-09 10:05:25,381 [INFO] PluginManager:220 - loadIPPluginJar : add dfsdm
2024-04-09 10:05:25,393 [INFO] IPUIPlugin:80 - create IPUIPlugin
2024-04-09 10:05:25,394 [INFO] PluginManager:220 - loadIPPluginJar : add dma
2024-04-09 10:05:25,431 [INFO] IPUIPlugin:80 - create IPUIPlugin
2024-04-09 10:05:25,431 [INFO] PluginManager:220 - loadIPPluginJar : add dma3
2024-04-09 10:05:25,469 [INFO] IPUIPlugin:80 - create IPUIPlugin
2024-04-09 10:05:25,469 [INFO] PluginManager:220 - loadIPPluginJar : add extmemmanager
2024-04-09 10:05:25,472 [INFO] IPUIPlugin:80 - create IPUIPlugin
2024-04-09 10:05:25,472 [INFO] PluginManager:220 - loadIPPluginJar : add fatfs
2024-04-09 10:05:25,521 [INFO] IPUIPlugin:80 - create IPUIPlugin
2024-04-09 10:05:25,521 [INFO] PluginManager:220 - loadIPPluginJar : add fmc
2024-04-09 10:05:25,537 [INFO] IPUIPlugin:80 - create IPUIPlugin
2024-04-09 10:05:25,538 [INFO] PluginManager:220 - loadIPPluginJar : add freertos
2024-04-09 10:05:25,564 [INFO] IPUIPlugin:80 - create IPUIPlugin
2024-04-09 10:05:25,564 [INFO] PluginManager:220 - loadIPPluginJar : add genericplugin
2024-04-09 10:05:25,649 [INFO] IPUIPlugin:80 - create IPUIPlugin
2024-04-09 10:05:25,649 [INFO] PluginManager:220 - loadIPPluginJar : add gfxmmu
2024-04-09 10:05:25,765 [INFO] IPUIPlugin:80 - create IPUIPlugin
2024-04-09 10:05:25,765 [INFO] PluginManager:220 - loadIPPluginJar : add gic
2024-04-09 10:05:25,777 [INFO] IPUIPlugin:80 - create IPUIPlugin
2024-04-09 10:05:25,777 [INFO] PluginManager:220 - loadIPPluginJar : add gpio
2024-04-09 10:05:25,858 [INFO] IPUIPlugin:80 - create IPUIPlugin
2024-04-09 10:05:25,858 [INFO] PluginManager:220 - loadIPPluginJar : add gtzc
2024-04-09 10:05:25,886 [INFO] IPUIPlugin:80 - create IPUIPlugin
2024-04-09 10:05:25,886 [INFO] PluginManager:220 - loadIPPluginJar : add hash
2024-04-09 10:05:25,929 [INFO] IPUIPlugin:80 - create IPUIPlugin
2024-04-09 10:05:25,929 [INFO] PluginManager:220 - loadIPPluginJar : add i2c
2024-04-09 10:05:25,963 [INFO] IPUIPlugin:80 - create IPUIPlugin
2024-04-09 10:05:25,963 [INFO] PluginManager:220 - loadIPPluginJar : add i2s
2024-04-09 10:05:25,999 [INFO] IPUIPlugin:80 - create IPUIPlugin
2024-04-09 10:05:26,000 [INFO] PluginManager:220 - loadIPPluginJar : add i3c
2024-04-09 10:05:26,087 [INFO] IPUIPlugin:80 - create IPUIPlugin
2024-04-09 10:05:26,087 [INFO] PluginManager:220 - loadIPPluginJar : add ipddr
2024-04-09 10:05:26,162 [INFO] IPUIPlugin:80 - create IPUIPlugin
2024-04-09 10:05:26,162 [INFO] PluginManager:220 - loadIPPluginJar : add linkedlist
2024-04-09 10:05:26,193 [INFO] IPUIPlugin:80 - create IPUIPlugin
2024-04-09 10:05:26,193 [INFO] PluginManager:220 - loadIPPluginJar : add lorawan
2024-04-09 10:05:26,225 [INFO] IPUIPlugin:80 - create IPUIPlugin
2024-04-09 10:05:26,225 [INFO] PluginManager:220 - loadIPPluginJar : add ltdc
2024-04-09 10:05:26,238 [INFO] IPUIPlugin:80 - create IPUIPlugin
2024-04-09 10:05:26,238 [INFO] PluginManager:220 - loadIPPluginJar : add mdma
2024-04-09 10:05:26,248 [INFO] IPUIPlugin:80 - create IPUIPlugin
2024-04-09 10:05:26,248 [INFO] PluginManager:220 - loadIPPluginJar : add nvic
2024-04-09 10:05:26,279 [INFO] IPUIPlugin:80 - create IPUIPlugin
2024-04-09 10:05:26,280 [INFO] PluginManager:220 - loadIPPluginJar : add opamp
2024-04-09 10:05:26,329 [INFO] IPUIPlugin:80 - create IPUIPlugin
2024-04-09 10:05:26,330 [INFO] PluginManager:220 - loadIPPluginJar : add openamp
2024-04-09 10:05:26,366 [INFO] IPUIPlugin:80 - create IPUIPlugin
2024-04-09 10:05:26,366 [INFO] PluginManager:220 - loadIPPluginJar : add pdm2pcm
2024-04-09 10:05:26,379 [INFO] IPUIPlugin:80 - create IPUIPlugin
2024-04-09 10:05:26,381 [INFO] PluginManager:220 - loadIPPluginJar : add plateformsettings
2024-04-09 10:05:26,384 [INFO] IPUIPlugin:80 - create IPUIPlugin
2024-04-09 10:05:26,384 [INFO] PluginManager:220 - loadIPPluginJar : add quadspi
2024-04-09 10:05:26,396 [INFO] IPUIPlugin:80 - create IPUIPlugin
2024-04-09 10:05:26,396 [INFO] PluginManager:220 - loadIPPluginJar : add resmgrutility
2024-04-09 10:05:26,439 [INFO] IPUIPlugin:80 - create IPUIPlugin
2024-04-09 10:05:26,439 [INFO] PluginManager:220 - loadIPPluginJar : add sai
2024-04-09 10:05:26,470 [INFO] IPUIPlugin:80 - create IPUIPlugin
2024-04-09 10:05:26,470 [INFO] PluginManager:220 - loadIPPluginJar : add spi
2024-04-09 10:05:26,525 [INFO] IPUIPlugin:80 - create IPUIPlugin
2024-04-09 10:05:26,525 [INFO] PluginManager:220 - loadIPPluginJar : add stm32_wpan
2024-04-09 10:05:26,545 [INFO] IPUIPlugin:80 - create IPUIPlugin
2024-04-09 10:05:26,545 [INFO] PluginManager:220 - loadIPPluginJar : add tim
2024-04-09 10:05:26,596 [INFO] IPUIPlugin:80 - create IPUIPlugin
2024-04-09 10:05:26,596 [INFO] PluginManager:220 - loadIPPluginJar : add touchsensing
2024-04-09 10:05:26,599 [INFO] IPUIPlugin:80 - create IPUIPlugin
2024-04-09 10:05:26,599 [INFO] PluginManager:220 - loadIPPluginJar : add tracer_emb
2024-04-09 10:05:26,621 [INFO] IPUIPlugin:80 - create IPUIPlugin
2024-04-09 10:05:26,621 [INFO] PluginManager:220 - loadIPPluginJar : add ts
2024-04-09 10:05:26,642 [INFO] IPUIPlugin:80 - create IPUIPlugin
2024-04-09 10:05:26,642 [INFO] PluginManager:220 - loadIPPluginJar : add tsc
2024-04-09 10:05:26,645 [INFO] IPUIPlugin:80 - create IPUIPlugin
2024-04-09 10:05:26,645 [INFO] PluginManager:220 - loadIPPluginJar : add ucpd
2024-04-09 10:05:26,685 [INFO] IPUIPlugin:80 - create IPUIPlugin
2024-04-09 10:05:26,685 [INFO] PluginManager:220 - loadIPPluginJar : add usart
2024-04-09 10:05:26,723 [INFO] IPUIPlugin:80 - create IPUIPlugin
2024-04-09 10:05:26,723 [INFO] PluginManager:220 - loadIPPluginJar : add usbx
2024-04-09 10:05:26,839 [INFO] CADModel:165 - CPN selected for project level
2024-04-09 10:05:26,839 [INFO] CADModel:114 - Register for checkConnection events
2024-04-09 10:05:26,839 [FATAL] Updater:308 - Updater called before beeing initialized
2024-04-09 10:05:26,839 [ERROR] CADModel:125 - Updater not yet initialized, retry later 
2024-04-09 10:05:26,950 [INFO] CADModel:165 - CPN selected for project level
2024-04-09 10:05:26,950 [INFO] CADModel:114 - Register for checkConnection events
2024-04-09 10:05:26,950 [FATAL] Updater:308 - Updater called before beeing initialized
2024-04-09 10:05:26,950 [ERROR] CADModel:125 - Updater not yet initialized, retry later 
2024-04-09 10:05:26,953 [FATAL] Updater:308 - Updater called before beeing initialized
2024-04-09 10:05:27,036 [FATAL] Updater:308 - Updater called before beeing initialized
2024-04-09 10:05:27,039 [INFO] DbMcusAds:53 - JSON generation date=Wed Nov 29 04:52:27 CST 2023 (1701255147349)
2024-04-09 10:05:27,040 [FATAL] Updater:308 - Updater called before beeing initialized
2024-04-09 10:05:27,109 [WARN] DetailPanel:346 - Failed to get advertising image, set to default
2024-04-09 10:05:27,195 [FATAL] Updater:308 - Updater called before beeing initialized
2024-04-09 10:05:27,197 [FATAL] Updater:308 - Updater called before beeing initialized
2024-04-09 10:05:27,197 [FATAL] Updater:308 - Updater called before beeing initialized
2024-04-09 10:05:27,197 [WARN] DetailPanel:346 - Failed to get advertising image, set to default
2024-04-09 10:05:27,198 [FATAL] Updater:308 - Updater called before beeing initialized
2024-04-09 10:05:27,247 [ERROR] Updater:1120 - MainUpdater not yet initialized. External WinMGr cannot be set.
2024-04-09 10:05:27,257 [INFO] Updater:1056 - Updater Version found : 6.11.0
2024-04-09 10:05:27,272 [INFO] ApplicationProperties:184 - Using Application install path: C:\Users\marqu\STM32CubeIDE_1.15.0\STM32CubeIDE\plugins\com.st.stm32cube.common.mx_6.11.0.202403141607
2024-04-09 10:05:27,776 [INFO] ThirdPartyUpdaterWithRetryManager:70 - Updater plugin not ready yet. [2/15]
2024-04-09 10:05:28,841 [ERROR] LogOutputStream:75 - [STDERR_REDIRECT] Apr 09, 2024 10:05:28 AM java.util.prefs.WindowsPreferences <init>
2024-04-09 10:05:28,842 [ERROR] LogOutputStream:75 - [STDERR_REDIRECT] WARNING: Could not open/create prefs root node Software\JavaSoft\Prefs at root 0xffffffff80000002. Windows RegCreateKeyEx(...) returned error code 5.
2024-04-09 10:05:28,842 [ERROR] LogOutputStream:75 - [STDERR_REDIRECT] 
2024-04-09 10:05:29,090 [INFO] MainUpdater:2873 - connection check result : 10
2024-04-09 10:05:29,091 [INFO] MainUpdater:290 - Updater Check For Update Now.
2024-04-09 10:05:29,091 [INFO] MicroXplorer:498 - Change Database Version : DB.6.0.110
2024-04-09 10:05:29,105 [INFO] McuFinderGlobals:63 - Set McuFinder mode to 2 (CubeIDE integrated)
2024-04-09 10:05:29,112 [INFO] UserAuth:415 - Internet connection configuration mode: 1
2024-04-09 10:05:29,131 [INFO] JxBrowserEngine:152 - Initiate JxBrowser Engine with user profile folder
2024-04-09 10:05:29,257 [INFO] CheckServerUpdateThread:120 - End of CheckServer Thread
2024-04-09 10:05:30,935 [WARN] PackLoader:240 - Cannot read IP mode file for STMicroelectronics.X-CUBE-SMBUS.2.1.0
2024-04-09 10:05:30,941 [WARN] PackLoader:240 - Cannot read IP mode file for STMicroelectronics.X-CUBE-TOUCHGFX.4.23.2
2024-04-09 10:05:30,964 [WARN] PackLoader:240 - Cannot read IP mode file for STMicroelectronics.X-CUBE-AZRTOS-F7.1.1.0
2024-04-09 10:05:30,975 [WARN] PackLoader:240 - Cannot read IP mode file for STMicroelectronics.FP-SNS-FLIGHT1.5.0.2
2024-04-09 10:05:30,987 [WARN] PackLoader:240 - Cannot read IP mode file for STMicroelectronics.X-CUBE-DISPLAY.3.0.0
2024-04-09 10:05:31,005 [WARN] PackLoader:240 - Cannot read IP mode file for STMicroelectronics.X-CUBE-BLE1.7.0.0
2024-04-09 10:05:31,014 [WARN] PackLoader:240 - Cannot read IP mode file for emotas.I-CUBE-CANOPEN.1.3.0
2024-04-09 10:05:31,029 [WARN] PackLoader:240 - Cannot read IP mode file for STMicroelectronics.X-CUBE-BLEMGR.3.1.0
2024-04-09 10:05:31,041 [WARN] PackLoader:240 - Cannot read IP mode file for STMicroelectronics.FP-SNS-SMARTAG2.1.2.0
2024-04-09 10:05:31,053 [INFO] LogOutputStream:77 - [STDOUT_REDIRECT] 1 : Invalid condition id : UX_CORESTACK_Condition cause : null
2024-04-09 10:05:31,054 [INFO] LogOutputStream:77 - [STDOUT_REDIRECT] 1 : Invalid condition id : UX_CORESTACK_Condition cause : null
2024-04-09 10:05:31,055 [INFO] LogOutputStream:77 - [STDOUT_REDIRECT] 1 : Invalid condition id : UX_CORESTACK_Condition cause : null
2024-04-09 10:05:31,055 [INFO] LogOutputStream:77 - [STDOUT_REDIRECT] 1 : Invalid condition id : UX_CORESTACK_Condition cause : null
2024-04-09 10:05:31,056 [INFO] LogOutputStream:77 - [STDOUT_REDIRECT] 1 : Invalid condition id : UX_CORESTACK_Condition cause : null
2024-04-09 10:05:31,060 [WARN] PackLoader:240 - Cannot read IP mode file for STMicroelectronics.X-CUBE-AZRTOS-WL.2.0.0
2024-04-09 10:05:31,066 [WARN] PackLoader:240 - Cannot read IP mode file for STMicroelectronics.FP-SNS-MOTENV1.5.0.0
2024-04-09 10:05:31,074 [WARN] PackLoader:240 - Cannot read IP mode file for WES.I-CUBE-Cesium.1.3.0
2024-04-09 10:05:31,079 [WARN] PackLoader:240 - Cannot read IP mode file for STMicroelectronics.X-CUBE-BLE2.3.3.0
2024-04-09 10:05:31,085 [WARN] PackLoader:240 - Cannot read IP mode file for STMicroelectronics.X-CUBE-ALGOBUILD.1.3.0
2024-04-09 10:05:31,097 [WARN] PackLoader:240 - Cannot read IP mode file for STMicroelectronics.X-CUBE-AZRTOS-G0.1.1.0
2024-04-09 10:05:31,107 [WARN] PackLoader:240 - Cannot read IP mode file for STMicroelectronics.X-CUBE-SAFEA1.1.2.2
2024-04-09 10:05:31,113 [WARN] PackLoader:240 - Cannot read IP mode file for STMicroelectronics.X-CUBE-NFC4.3.0.0
2024-04-09 10:05:31,119 [WARN] PackLoader:240 - Cannot read IP mode file for wolfSSL.I-CUBE-wolfSSL.5.7.0
2024-04-09 10:05:31,123 [WARN] PackLoader:240 - Cannot read IP mode file for STMicroelectronics.FP-ATR-SIGFOX1.3.2.0
2024-04-09 10:05:31,128 [WARN] PackLoader:240 - Cannot read IP mode file for STMicroelectronics.X-CUBE-EEPRMA1.5.1.0
2024-04-09 10:05:31,134 [WARN] PackLoader:240 - Cannot read IP mode file for ITTIA_DB.I-CUBE-ITTIADB.8.9.0
2024-04-09 10:05:31,160 [WARN] PackLoader:240 - Cannot read IP mode file for SEGGER.I-CUBE-embOS.1.3.1
2024-04-09 10:05:31,206 [WARN] PackLoader:240 - Cannot read IP mode file for STMicroelectronics.X-CUBE-GNSS1.6.0.0
2024-04-09 10:05:31,221 [WARN] PackLoader:240 - Cannot read IP mode file for STMicroelectronics.X-CUBE-AZRTOS-F4.1.1.0
2024-04-09 10:05:31,242 [WARN] PackLoader:240 - Cannot read IP mode file for STMicroelectronics.X-CUBE-AZRTOS-L5.2.0.0
2024-04-09 10:05:31,253 [WARN] PackLoader:240 - Cannot read IP mode file for STMicroelectronics.X-CUBE-NFC6.3.1.0
2024-04-09 10:05:31,262 [WARN] PackLoader:240 - Cannot read IP mode file for STMicroelectronics.X-CUBE-NFC7.1.0.1
2024-04-09 10:05:31,270 [WARN] PackLoader:240 - Cannot read IP mode file for STMicroelectronics.X-CUBE-AI.8.1.0
2024-04-09 10:05:31,284 [WARN] ConditionMgr:438 - getConditionDescription Invalid condition id : LAN8742 Phy interface Condition cause : null
2024-04-09 10:05:31,284 [WARN] PackLoader:240 - Cannot read IP mode file for STMicroelectronics.X-CUBE-AZRTOS-L4.2.0.0
2024-04-09 10:05:31,286 [WARN] ConditionMgr:1039 - genDependencies : Invalid condition id : LAN8742 Phy interface Condition cause : null
2024-04-09 10:05:31,286 [WARN] ConditionMgr:1039 - genDependencies : Invalid condition id : LAN8742 Phy interface Condition cause : null
2024-04-09 10:05:31,287 [WARN] ConditionMgr:1039 - genDependencies : Invalid condition id : LAN8742 Phy interface Condition cause : null
2024-04-09 10:05:31,296 [WARN] PackLoader:240 - Cannot read IP mode file for STMicroelectronics.X-CUBE-SFXS2LP1.4.0.0
2024-04-09 10:05:31,307 [WARN] ConditionMgr:438 - getConditionDescription Invalid condition id : UX DEVICE CLASS RTOS Condition cause : null
2024-04-09 10:05:31,308 [WARN] ConditionMgr:438 - getConditionDescription Invalid condition id : UX DEVICE CLASS RTOS Condition cause : null
2024-04-09 10:05:31,310 [WARN] PackLoader:240 - Cannot read IP mode file for STMicroelectronics.X-CUBE-AZRTOS-WB.2.0.0
2024-04-09 10:05:31,311 [WARN] ConditionMgr:1039 - genDependencies : Invalid condition id : UX DEVICE CLASS RTOS Condition cause : null
2024-04-09 10:05:31,311 [WARN] ConditionMgr:1039 - genDependencies : Invalid condition id : UX DEVICE CLASS RTOS Condition cause : null
2024-04-09 10:05:31,312 [WARN] ConditionMgr:1039 - genDependencies : Invalid condition id : UX DEVICE CLASS RTOS Condition cause : null
2024-04-09 10:05:31,312 [WARN] ConditionMgr:1039 - genDependencies : Invalid condition id : UX DEVICE CLASS RTOS Condition cause : null
2024-04-09 10:05:31,312 [WARN] ConditionMgr:1039 - genDependencies : Invalid condition id : UX DEVICE CLASS RTOS Condition cause : null
2024-04-09 10:05:31,322 [WARN] PackLoader:240 - Cannot read IP mode file for STMicroelectronics.X-CUBE-SUBG2.5.0.0
2024-04-09 10:05:31,340 [WARN] PackLoader:240 - Cannot read IP mode file for STMicroelectronics.X-CUBE-AZRTOS-G4.2.0.0
2024-04-09 10:05:31,347 [WARN] PackLoader:240 - Cannot read IP mode file for STMicroelectronics.FP-SNS-MOTENVWB1.1.3.1
2024-04-09 10:05:31,353 [WARN] PackLoader:240 - Cannot read IP mode file for STMicroelectronics.X-CUBE-ISPU.2.0.0
2024-04-09 10:05:31,389 [WARN] PackLoader:240 - Cannot read IP mode file for STMicroelectronics.X-CUBE-MEMS1.10.0.0
2024-04-09 10:05:31,512 [WARN] PackLoader:240 - Cannot read IP mode file for STMicroelectronics.X-CUBE-FREERTOS.1.1.0
2024-04-09 10:05:31,519 [WARN] PackLoader:240 - Cannot read IP mode file for portGmbH.I-Cube-SoM-uGOAL.1.1.0
2024-04-09 10:05:31,524 [WARN] PackLoader:240 - Cannot read IP mode file for STMicroelectronics.X-CUBE-ALS.1.0.1
2024-04-09 10:05:31,530 [WARN] PackLoader:240 - Cannot read IP mode file for STMicroelectronics.FP-ATR-ASTRA1.2.0.0
2024-04-09 10:05:31,540 [WARN] PackLoader:240 - Cannot read IP mode file for STMicroelectronics.X-CUBE-TOF1.3.4.1
2024-04-09 10:05:31,561 [WARN] PackLoader:240 - Cannot read IP mode file for STMicroelectronics.X-CUBE-AZRTOS-H7.3.2.0
2024-04-09 10:05:31,576 [WARN] PackLoader:240 - Cannot read IP mode file for Infineon.AIROC-Wi-Fi-Bluetooth-STM32.1.6.0
2024-04-09 10:05:31,580 [INFO] ThirdParty:978 - Integrity check success = true
2024-04-09 10:05:31,580 [INFO] IntegrityCheckThread:100 - exiting critical section [integrity check]
2024-04-09 10:05:31,580 [INFO] IntegrityCheckThread:103 - End integrity checks thread
2024-04-09 10:05:33,508 [INFO] WebApp:161 - Instantiating new browser for Auth
2024-04-09 10:05:34,003 [INFO] WebApp:779 - Register for checkConnection events
2024-04-09 10:05:34,003 [INFO] WebApp:414 - Apply proxy settings
2024-04-09 10:05:34,004 [INFO] WebApp:499 - Chromium requires no authentication
2024-04-09 10:05:34,010 [INFO] WebApp:442 - Direct internet connection detected
2024-04-09 10:05:34,154 [INFO] WebApp:192 - Starting web application
2024-04-09 10:05:34,154 [INFO] WebApp:544 - Web application path used C:\Users\marqu\STM32CubeIDE_1.15.0\STM32CubeIDE\plugins\com.st.stm32cube.common.mx_6.11.0.202403141607\db\plugins\mcufinder\reactClient1\index.html
2024-04-09 10:07:06,085 [ERROR] LogOutputStream:75 - [STDERR_REDIRECT] 
2024-04-09 10:07:06,086 [ERROR] LogOutputStream:75 - [STDERR_REDIRECT] 
