2024-04-08 16:28:47,892 [INFO] Activator:176 - 


2024-04-08 16:28:47,895 [INFO] Activator:177 - !SESSION log4j initialized
2024-04-08 16:28:50,696 [INFO] LogOutputStream:77 - [STDOUT_REDIRECT] 
2024-04-08 16:28:51,018 [ERROR] ConfigurationRetriever:142 - IOException on connection: sw-center.st.com
2024-04-08 16:28:51,022 [ERROR] ConfigurationRetriever:142 - IOException on connection: sw-center.st.com
2024-04-08 16:28:51,027 [ERROR] ConfigurationRetriever:142 - IOException on connection: sw-center.st.com
2024-04-08 16:28:53,489 [INFO] ApplicationProperties:184 - Using Application install path: C:\Users\marqu\STM32CubeIDE_1.15.0\STM32CubeIDE\plugins\com.st.stm32cube.common.mx_6.11.0.202403141607
2024-04-08 16:28:53,513 [INFO] DbMcusXml:78 - Set database path to: C:\Users\marqu\STM32CubeIDE_1.15.0\STM32CubeIDE\plugins\com.st.stm32cube.common.mx_6.11.0.202403141607\\db\/mcu/
2024-04-08 16:28:53,513 [INFO] ApiDb:274 - Set plugin database path to: C:\Users\marqu\STM32CubeIDE_1.15.0\STM32CubeIDE\plugins\com.st.stm32cube.common.mx_6.11.0.202403141607\\db\/plugins/boardmanager/
2024-04-08 16:28:53,514 [WARN] ApiDb:259 - Overriding images path with different value:  => C:\Users\marqu\STM32CubeIDE_1.15.0\STM32CubeIDE\plugins\com.st.stm32cube.common.mx_6.11.0.202403141607\\db\/plugins/mcufinder/images/
2024-04-08 16:28:53,525 [INFO] ApiDb:250 - Set database path to: C:\Users\marqu\.stmcufinder\plugins\mcufinder//mcu/
2024-04-08 16:28:53,527 [INFO] DbMcusAds:125 - Set database path to: C:\Users\marqu\.stmcufinder\plugins\mcufinder//mcu/
2024-04-08 16:28:53,529 [INFO] CrossReferenceDbSqlite:203 - Set database path to: C:\Users\marqu\.stmcufinder\plugins\mcufinder//mcu/cs/
2024-04-08 16:28:53,690 [INFO] RulesReader:64 - Compatibility file has been processed (297 Rules)
2024-04-08 16:28:53,812 [INFO] DbMcusXml:78 - Set database path to: C:\Users\marqu\STM32CubeIDE_1.15.0\STM32CubeIDE\plugins\com.st.stm32cube.common.mx_6.11.0.202403141607\\db\/mcu/
2024-04-08 16:28:53,812 [INFO] ApiDb:274 - Set plugin database path to: C:\Users\marqu\STM32CubeIDE_1.15.0\STM32CubeIDE\plugins\com.st.stm32cube.common.mx_6.11.0.202403141607\\db\/plugins/boardmanager/
2024-04-08 16:28:53,812 [INFO] ApiDb:261 - Set plugin images path to: C:\Users\marqu\STM32CubeIDE_1.15.0\STM32CubeIDE\plugins\com.st.stm32cube.common.mx_6.11.0.202403141607\\db\/plugins/mcufinder/images/
2024-04-08 16:28:53,812 [WARN] DbFile:41 - Overriding database path with different value: C:\Users\marqu\.stmcufinder\plugins\mcufinder/ => C:\Users\marqu\.stmcufinder\plugins\mcufinder
2024-04-08 16:28:53,812 [INFO] ApiDb:250 - Set database path to: C:\Users\marqu\.stmcufinder\plugins\mcufinder//mcu/
2024-04-08 16:28:53,812 [WARN] DbFile:41 - Overriding database path with different value: C:\Users\marqu\.stmcufinder\plugins\mcufinder/ => C:\Users\marqu\.stmcufinder\plugins\mcufinder
2024-04-08 16:28:53,812 [INFO] DbMcusAds:125 - Set database path to: C:\Users\marqu\.stmcufinder\plugins\mcufinder//mcu/
2024-04-08 16:28:53,813 [WARN] DbFile:41 - Overriding database path with different value: C:\Users\marqu\.stmcufinder\plugins\mcufinder/ => C:\Users\marqu\.stmcufinder\plugins\mcufinder
2024-04-08 16:28:53,813 [WARN] DbFile:41 - Overriding database path with different value: C:\Users\marqu\.stmcufinder\plugins\mcufinder/ => C:\Users\marqu\.stmcufinder\plugins\mcufinder
2024-04-08 16:28:53,813 [INFO] CrossReferenceDbSqlite:203 - Set database path to: C:\Users\marqu\.stmcufinder\plugins\mcufinder//mcu/cs/
2024-04-08 16:28:53,920 [INFO] MainPanel:264 - HeapMemory: 268435456
2024-04-08 16:28:54,051 [INFO] DbMcusXml:78 - Set database path to: C:\Users\marqu\STM32CubeIDE_1.15.0\STM32CubeIDE\plugins\com.st.stm32cube.common.mx_6.11.0.202403141607\\db\/mcu/
2024-04-08 16:28:54,051 [INFO] ApiDb:274 - Set plugin database path to: C:\Users\marqu\STM32CubeIDE_1.15.0\STM32CubeIDE\plugins\com.st.stm32cube.common.mx_6.11.0.202403141607\\db\/plugins/boardmanager/
2024-04-08 16:28:54,052 [INFO] ApiDb:261 - Set plugin images path to: C:\Users\marqu\STM32CubeIDE_1.15.0\STM32CubeIDE\plugins\com.st.stm32cube.common.mx_6.11.0.202403141607\\db\/plugins/mcufinder/images/
2024-04-08 16:28:54,052 [WARN] DbFile:41 - Overriding database path with different value: C:\Users\marqu\.stmcufinder\plugins\mcufinder/ => C:\Users\marqu\.stmcufinder\plugins\mcufinder
2024-04-08 16:28:54,052 [INFO] ApiDb:250 - Set database path to: C:\Users\marqu\.stmcufinder\plugins\mcufinder//mcu/
2024-04-08 16:28:54,052 [WARN] DbFile:41 - Overriding database path with different value: C:\Users\marqu\.stmcufinder\plugins\mcufinder/ => C:\Users\marqu\.stmcufinder\plugins\mcufinder
2024-04-08 16:28:54,053 [INFO] DbMcusAds:125 - Set database path to: C:\Users\marqu\.stmcufinder\plugins\mcufinder//mcu/
2024-04-08 16:28:54,053 [WARN] DbFile:41 - Overriding database path with different value: C:\Users\marqu\.stmcufinder\plugins\mcufinder/ => C:\Users\marqu\.stmcufinder\plugins\mcufinder
2024-04-08 16:28:54,053 [WARN] DbFile:41 - Overriding database path with different value: C:\Users\marqu\.stmcufinder\plugins\mcufinder/ => C:\Users\marqu\.stmcufinder\plugins\mcufinder
2024-04-08 16:28:54,053 [INFO] CrossReferenceDbSqlite:203 - Set database path to: C:\Users\marqu\.stmcufinder\plugins\mcufinder//mcu/cs/
2024-04-08 16:28:54,079 [INFO] ApplicationProperties:184 - Using Application install path: C:\Users\marqu\STM32CubeIDE_1.15.0\STM32CubeIDE\plugins\com.st.stm32cube.common.mx_6.11.0.202403141607
2024-04-08 16:28:54,082 [INFO] PluginManage:196 - Search for loadable plugins [exclusion list=, ]
2024-04-08 16:28:54,084 [INFO] PluginManage:310 - Check plugin analytics
2024-04-08 16:28:54,291 [INFO] AnalyticsPlugin:253 - Accepted Software Licenses: 
2024-04-08 16:28:54,291 [INFO] AnalyticsPlugin:255 - Accepted CMSIS Pack Licenses: 
2024-04-08 16:28:54,292 [INFO] AnalyticsPlugin:257 - Accepted Firmware Licenses: FW.G0.1.6.0
2024-04-08 16:28:54,294 [INFO] PluginManage:359 - Loaded plugin analytics (category:tool,tabindex:-1)
2024-04-08 16:28:54,294 [INFO] PluginManage:310 - Check plugin cadmodel
2024-04-08 16:28:54,300 [ERROR] ConfigurationRetriever:142 - IOException on connection: sw-center.st.com
2024-04-08 16:28:54,303 [ERROR] ConfigurationRetriever:142 - IOException on connection: sw-center.st.com
2024-04-08 16:28:54,307 [ERROR] ConfigurationRetriever:142 - IOException on connection: sw-center.st.com
2024-04-08 16:28:54,315 [INFO] CADModel:105 - Init CAD model plugin
2024-04-08 16:28:54,315 [INFO] PluginManage:359 - Loaded plugin cadmodel (category:power,tabindex:5)
2024-04-08 16:28:54,316 [INFO] PluginManage:310 - Check plugin clock
2024-04-08 16:28:54,338 [INFO] PluginManage:359 - Loaded plugin clock (category:base,tabindex:2)
2024-04-08 16:28:54,339 [INFO] PluginManage:310 - Check plugin ddr
2024-04-08 16:28:54,343 [INFO] PluginManage:359 - Loaded plugin ddr (category:tool,tabindex:6)
2024-04-08 16:28:54,343 [INFO] PluginManage:310 - Check plugin filemanager
2024-04-08 16:28:54,539 [INFO] PluginManage:359 - Loaded plugin filemanager (category:base,tabindex:10)
2024-04-08 16:28:54,539 [INFO] PluginManage:310 - Check plugin ipmanager
2024-04-08 16:28:54,550 [INFO] PluginManage:359 - Loaded plugin ipmanager (category:base,tabindex:5)
2024-04-08 16:28:54,551 [INFO] PluginManage:310 - Check plugin lpbam
2024-04-08 16:28:54,576 [INFO] PluginManage:359 - Loaded plugin lpbam (category:base,tabindex:0)
2024-04-08 16:28:54,576 [INFO] PluginManage:310 - Check plugin memorymap
2024-04-08 16:28:54,607 [INFO] PluginManage:359 - Loaded plugin memorymap (category:base,tabindex:4)
2024-04-08 16:28:54,608 [INFO] PluginManage:310 - Check plugin pinoutandconfiguration
2024-04-08 16:28:54,630 [INFO] PluginManage:359 - Loaded plugin pinoutandconfiguration (category:base,tabindex:1)
2024-04-08 16:28:54,630 [INFO] PluginManage:310 - Check plugin pinoutconfig
2024-04-08 16:28:54,746 [WARN] SupportedApi:132 - Cannot load RTOS API schema: s4s-elt-must-match.1: The content of 'definitions' must match (annotation?, (simpleType | complexType)?, (unique | key | keyref)*)). A problem was found starting at: attribute.
2024-04-08 16:28:54,919 [INFO] PluginManage:359 - Loaded plugin pinoutconfig (category:base,tabindex:0)
2024-04-08 16:28:54,920 [INFO] PluginManage:310 - Check plugin power
2024-04-08 16:28:54,944 [INFO] PluginManage:359 - Loaded plugin power (category:power,tabindex:4)
2024-04-08 16:28:54,944 [INFO] PluginManage:310 - Check plugin projectmanager
2024-04-08 16:28:54,968 [INFO] PluginManage:359 - Loaded plugin projectmanager (category:projectmanager,tabindex:3)
2024-04-08 16:28:54,968 [INFO] PluginManage:310 - Check plugin thirdparty
2024-04-08 16:28:55,330 [INFO] PluginManage:359 - Loaded plugin thirdparty (category:base,tabindex:-1)
2024-04-08 16:28:55,330 [WARN] IntegrityCheckThread:84 - waiting for thirdparty lock release [integrity check]
2024-04-08 16:28:55,330 [INFO] PluginManage:310 - Check plugin tools
2024-04-08 16:28:55,330 [INFO] IntegrityCheckThread:86 - entering critical section [integrity check]
2024-04-08 16:28:55,331 [INFO] ThirdPartyUpdaterWithRetryManager:70 - Updater plugin not ready yet. [1/15]
2024-04-08 16:28:55,377 [INFO] PluginManage:359 - Loaded plugin tools (category:base,tabindex:7)
2024-04-08 16:28:55,377 [INFO] PluginManage:310 - Check plugin tutovideos
2024-04-08 16:28:55,617 [INFO] PluginManage:359 - Loaded plugin tutovideos (category:base,tabindex:-1)
2024-04-08 16:28:55,617 [INFO] PluginManage:310 - Check plugin updater
2024-04-08 16:28:55,629 [INFO] PluginManage:359 - Loaded plugin updater (category:base,tabindex:12)
2024-04-08 16:28:55,629 [INFO] PluginManage:310 - Check plugin userauth
2024-04-08 16:28:55,636 [INFO] UserAuth:114 - Init User Auth plugin
2024-04-08 16:28:55,636 [INFO] PluginManage:359 - Loaded plugin userauth (category:base,tabindex:14)
2024-04-08 16:28:55,637 [INFO] PluginManage:283 - PluginManage : Loaded plugins [17]
2024-04-08 16:28:55,892 [INFO] PinOutPanel:1561 - setPackage(No Configuration,No Configuration)
2024-04-08 16:28:55,996 [INFO] CADModel:165 - CPN selected for project level
2024-04-08 16:28:55,997 [INFO] CADModel:114 - Register for checkConnection events
2024-04-08 16:28:56,034 [INFO] IPUIPlugin:80 - create IPUIPlugin
2024-04-08 16:28:56,034 [INFO] PluginManager:220 - loadIPPluginJar : add adc
2024-04-08 16:28:56,080 [INFO] IPUIPlugin:80 - create IPUIPlugin
2024-04-08 16:28:56,080 [INFO] PluginManager:220 - loadIPPluginJar : add aes
2024-04-08 16:28:56,134 [INFO] IPUIPlugin:80 - create IPUIPlugin
2024-04-08 16:28:56,135 [INFO] PluginManager:220 - loadIPPluginJar : add can
2024-04-08 16:28:56,164 [INFO] IPUIPlugin:80 - create IPUIPlugin
2024-04-08 16:28:56,164 [INFO] PluginManager:220 - loadIPPluginJar : add comp
2024-04-08 16:28:56,211 [INFO] IPUIPlugin:80 - create IPUIPlugin
2024-04-08 16:28:56,211 [INFO] PluginManager:220 - loadIPPluginJar : add cryp
2024-04-08 16:28:56,253 [INFO] IPUIPlugin:80 - create IPUIPlugin
2024-04-08 16:28:56,253 [INFO] PluginManager:220 - loadIPPluginJar : add dfsdm
2024-04-08 16:28:56,271 [INFO] IPUIPlugin:80 - create IPUIPlugin
2024-04-08 16:28:56,271 [INFO] PluginManager:220 - loadIPPluginJar : add dma
2024-04-08 16:28:56,330 [INFO] IPUIPlugin:80 - create IPUIPlugin
2024-04-08 16:28:56,330 [INFO] PluginManager:220 - loadIPPluginJar : add dma3
2024-04-08 16:28:56,390 [INFO] IPUIPlugin:80 - create IPUIPlugin
2024-04-08 16:28:56,390 [INFO] PluginManager:220 - loadIPPluginJar : add extmemmanager
2024-04-08 16:28:56,415 [INFO] IPUIPlugin:80 - create IPUIPlugin
2024-04-08 16:28:56,416 [INFO] PluginManager:220 - loadIPPluginJar : add fatfs
2024-04-08 16:28:56,480 [INFO] IPUIPlugin:80 - create IPUIPlugin
2024-04-08 16:28:56,480 [INFO] PluginManager:220 - loadIPPluginJar : add fmc
2024-04-08 16:28:56,500 [INFO] IPUIPlugin:80 - create IPUIPlugin
2024-04-08 16:28:56,500 [INFO] PluginManager:220 - loadIPPluginJar : add freertos
2024-04-08 16:28:56,527 [INFO] IPUIPlugin:80 - create IPUIPlugin
2024-04-08 16:28:56,527 [INFO] PluginManager:220 - loadIPPluginJar : add genericplugin
2024-04-08 16:28:56,648 [INFO] IPUIPlugin:80 - create IPUIPlugin
2024-04-08 16:28:56,648 [INFO] PluginManager:220 - loadIPPluginJar : add gfxmmu
2024-04-08 16:28:56,829 [INFO] IPUIPlugin:80 - create IPUIPlugin
2024-04-08 16:28:56,829 [INFO] PluginManager:220 - loadIPPluginJar : add gic
2024-04-08 16:28:56,843 [INFO] IPUIPlugin:80 - create IPUIPlugin
2024-04-08 16:28:56,843 [INFO] PluginManager:220 - loadIPPluginJar : add gpio
2024-04-08 16:28:56,965 [INFO] IPUIPlugin:80 - create IPUIPlugin
2024-04-08 16:28:56,965 [INFO] PluginManager:220 - loadIPPluginJar : add gtzc
2024-04-08 16:28:57,010 [INFO] IPUIPlugin:80 - create IPUIPlugin
2024-04-08 16:28:57,010 [INFO] PluginManager:220 - loadIPPluginJar : add hash
2024-04-08 16:28:57,078 [INFO] IPUIPlugin:80 - create IPUIPlugin
2024-04-08 16:28:57,078 [INFO] PluginManager:220 - loadIPPluginJar : add i2c
2024-04-08 16:28:57,127 [INFO] IPUIPlugin:80 - create IPUIPlugin
2024-04-08 16:28:57,127 [INFO] PluginManager:220 - loadIPPluginJar : add i2s
2024-04-08 16:28:57,178 [INFO] IPUIPlugin:80 - create IPUIPlugin
2024-04-08 16:28:57,178 [INFO] PluginManager:220 - loadIPPluginJar : add i3c
2024-04-08 16:28:57,308 [INFO] IPUIPlugin:80 - create IPUIPlugin
2024-04-08 16:28:57,308 [INFO] PluginManager:220 - loadIPPluginJar : add ipddr
2024-04-08 16:28:57,428 [INFO] IPUIPlugin:80 - create IPUIPlugin
2024-04-08 16:28:57,428 [INFO] PluginManager:220 - loadIPPluginJar : add linkedlist
2024-04-08 16:28:57,472 [INFO] IPUIPlugin:80 - create IPUIPlugin
2024-04-08 16:28:57,472 [INFO] PluginManager:220 - loadIPPluginJar : add lorawan
2024-04-08 16:28:57,516 [INFO] IPUIPlugin:80 - create IPUIPlugin
2024-04-08 16:28:57,517 [INFO] PluginManager:220 - loadIPPluginJar : add ltdc
2024-04-08 16:28:57,533 [INFO] IPUIPlugin:80 - create IPUIPlugin
2024-04-08 16:28:57,533 [INFO] PluginManager:220 - loadIPPluginJar : add mdma
2024-04-08 16:28:57,547 [INFO] IPUIPlugin:80 - create IPUIPlugin
2024-04-08 16:28:57,548 [INFO] PluginManager:220 - loadIPPluginJar : add nvic
2024-04-08 16:28:57,591 [INFO] IPUIPlugin:80 - create IPUIPlugin
2024-04-08 16:28:57,591 [INFO] PluginManager:220 - loadIPPluginJar : add opamp
2024-04-08 16:28:57,665 [INFO] IPUIPlugin:80 - create IPUIPlugin
2024-04-08 16:28:57,665 [INFO] PluginManager:220 - loadIPPluginJar : add openamp
2024-04-08 16:28:57,722 [INFO] IPUIPlugin:80 - create IPUIPlugin
2024-04-08 16:28:57,722 [INFO] PluginManager:220 - loadIPPluginJar : add pdm2pcm
2024-04-08 16:28:57,739 [INFO] IPUIPlugin:80 - create IPUIPlugin
2024-04-08 16:28:57,742 [INFO] PluginManager:220 - loadIPPluginJar : add plateformsettings
2024-04-08 16:28:57,772 [INFO] IPUIPlugin:80 - create IPUIPlugin
2024-04-08 16:28:57,772 [INFO] PluginManager:220 - loadIPPluginJar : add quadspi
2024-04-08 16:28:57,788 [INFO] IPUIPlugin:80 - create IPUIPlugin
2024-04-08 16:28:57,788 [INFO] PluginManager:220 - loadIPPluginJar : add resmgrutility
2024-04-08 16:28:57,852 [INFO] IPUIPlugin:80 - create IPUIPlugin
2024-04-08 16:28:57,852 [INFO] PluginManager:220 - loadIPPluginJar : add sai
2024-04-08 16:28:57,904 [INFO] IPUIPlugin:80 - create IPUIPlugin
2024-04-08 16:28:57,905 [INFO] PluginManager:220 - loadIPPluginJar : add spi
2024-04-08 16:28:57,994 [INFO] IPUIPlugin:80 - create IPUIPlugin
2024-04-08 16:28:57,994 [INFO] PluginManager:220 - loadIPPluginJar : add stm32_wpan
2024-04-08 16:28:58,023 [INFO] IPUIPlugin:80 - create IPUIPlugin
2024-04-08 16:28:58,023 [INFO] PluginManager:220 - loadIPPluginJar : add tim
2024-04-08 16:28:58,101 [INFO] IPUIPlugin:80 - create IPUIPlugin
2024-04-08 16:28:58,102 [INFO] PluginManager:220 - loadIPPluginJar : add touchsensing
2024-04-08 16:28:58,130 [INFO] IPUIPlugin:80 - create IPUIPlugin
2024-04-08 16:28:58,130 [INFO] PluginManager:220 - loadIPPluginJar : add tracer_emb
2024-04-08 16:28:58,162 [INFO] IPUIPlugin:80 - create IPUIPlugin
2024-04-08 16:28:58,162 [INFO] PluginManager:220 - loadIPPluginJar : add ts
2024-04-08 16:28:58,189 [INFO] IPUIPlugin:80 - create IPUIPlugin
2024-04-08 16:28:58,189 [INFO] PluginManager:220 - loadIPPluginJar : add tsc
2024-04-08 16:28:58,216 [INFO] IPUIPlugin:80 - create IPUIPlugin
2024-04-08 16:28:58,216 [INFO] PluginManager:220 - loadIPPluginJar : add ucpd
2024-04-08 16:28:58,271 [INFO] IPUIPlugin:80 - create IPUIPlugin
2024-04-08 16:28:58,271 [INFO] PluginManager:220 - loadIPPluginJar : add usart
2024-04-08 16:28:58,330 [INFO] IPUIPlugin:80 - create IPUIPlugin
2024-04-08 16:28:58,331 [INFO] PluginManager:220 - loadIPPluginJar : add usbx
2024-04-08 16:28:58,331 [INFO] ThirdPartyUpdaterWithRetryManager:70 - Updater plugin not ready yet. [2/15]
2024-04-08 16:28:58,470 [INFO] CADModel:165 - CPN selected for project level
2024-04-08 16:28:58,470 [INFO] CADModel:114 - Register for checkConnection events
2024-04-08 16:28:58,471 [FATAL] Updater:308 - Updater called before beeing initialized
2024-04-08 16:28:58,471 [ERROR] CADModel:125 - Updater not yet initialized, retry later 
2024-04-08 16:28:58,635 [INFO] CADModel:165 - CPN selected for project level
2024-04-08 16:28:58,636 [INFO] CADModel:114 - Register for checkConnection events
2024-04-08 16:28:58,636 [FATAL] Updater:308 - Updater called before beeing initialized
2024-04-08 16:28:58,636 [ERROR] CADModel:125 - Updater not yet initialized, retry later 
2024-04-08 16:28:58,639 [FATAL] Updater:308 - Updater called before beeing initialized
2024-04-08 16:28:58,769 [FATAL] Updater:308 - Updater called before beeing initialized
2024-04-08 16:28:58,779 [INFO] DbMcusAds:53 - JSON generation date=Wed Nov 29 04:52:27 CST 2023 (1701255147349)
2024-04-08 16:28:58,779 [FATAL] Updater:308 - Updater called before beeing initialized
2024-04-08 16:28:58,872 [WARN] DetailPanel:346 - Failed to get advertising image, set to default
2024-04-08 16:28:58,987 [FATAL] Updater:308 - Updater called before beeing initialized
2024-04-08 16:28:58,990 [FATAL] Updater:308 - Updater called before beeing initialized
2024-04-08 16:28:58,990 [FATAL] Updater:308 - Updater called before beeing initialized
2024-04-08 16:28:58,990 [WARN] DetailPanel:346 - Failed to get advertising image, set to default
2024-04-08 16:28:58,991 [FATAL] Updater:308 - Updater called before beeing initialized
2024-04-08 16:28:59,065 [ERROR] Updater:1120 - MainUpdater not yet initialized. External WinMGr cannot be set.
2024-04-08 16:28:59,078 [INFO] Updater:1056 - Updater Version found : 6.11.0
2024-04-08 16:28:59,101 [INFO] ApplicationProperties:184 - Using Application install path: C:\Users\marqu\STM32CubeIDE_1.15.0\STM32CubeIDE\plugins\com.st.stm32cube.common.mx_6.11.0.202403141607
2024-04-08 16:29:00,679 [ERROR] LogOutputStream:75 - [STDERR_REDIRECT] Apr 08, 2024 4:29:00 PM java.util.prefs.WindowsPreferences <init>
2024-04-08 16:29:00,682 [ERROR] LogOutputStream:75 - [STDERR_REDIRECT] WARNING: Could not open/create prefs root node Software\JavaSoft\Prefs at root 0xffffffff80000002. Windows RegCreateKeyEx(...) returned error code 5.
2024-04-08 16:29:00,682 [ERROR] LogOutputStream:75 - [STDERR_REDIRECT] 
2024-04-08 16:29:00,934 [INFO] MainUpdater:2873 - connection check result : 22
2024-04-08 16:29:00,935 [INFO] MainUpdater:290 - Updater Check For Update Now.
2024-04-08 16:29:00,936 [INFO] MicroXplorer:498 - Change Database Version : DB.6.0.110
2024-04-08 16:29:00,957 [INFO] McuFinderGlobals:63 - Set McuFinder mode to 2 (CubeIDE integrated)
2024-04-08 16:29:00,975 [INFO] UserAuth:415 - Internet connection configuration mode: 2
2024-04-08 16:29:01,176 [INFO] CheckServerUpdateThread:120 - End of CheckServer Thread
2024-04-08 16:29:01,598 [WARN] PackLoader:240 - Cannot read IP mode file for STMicroelectronics.X-CUBE-SMBUS.2.1.0
2024-04-08 16:29:01,618 [WARN] PackLoader:240 - Cannot read IP mode file for STMicroelectronics.X-CUBE-TOUCHGFX.4.23.2
2024-04-08 16:29:01,694 [WARN] PackLoader:240 - Cannot read IP mode file for STMicroelectronics.X-CUBE-AZRTOS-F7.1.1.0
2024-04-08 16:29:01,726 [WARN] PackLoader:240 - Cannot read IP mode file for STMicroelectronics.FP-SNS-FLIGHT1.5.0.2
2024-04-08 16:29:01,756 [WARN] PackLoader:240 - Cannot read IP mode file for STMicroelectronics.X-CUBE-DISPLAY.3.0.0
2024-04-08 16:29:01,788 [WARN] PackLoader:240 - Cannot read IP mode file for STMicroelectronics.X-CUBE-BLE1.7.0.0
2024-04-08 16:29:01,807 [WARN] PackLoader:240 - Cannot read IP mode file for emotas.I-CUBE-CANOPEN.1.3.0
2024-04-08 16:29:01,837 [WARN] PackLoader:240 - Cannot read IP mode file for STMicroelectronics.X-CUBE-BLEMGR.3.1.0
2024-04-08 16:29:01,859 [WARN] PackLoader:240 - Cannot read IP mode file for STMicroelectronics.FP-SNS-SMARTAG2.1.2.0
2024-04-08 16:29:01,884 [INFO] LogOutputStream:77 - [STDOUT_REDIRECT] 1 : Invalid condition id : UX_CORESTACK_Condition cause : null
2024-04-08 16:29:01,885 [INFO] LogOutputStream:77 - [STDOUT_REDIRECT] 1 : Invalid condition id : UX_CORESTACK_Condition cause : null
2024-04-08 16:29:01,886 [INFO] LogOutputStream:77 - [STDOUT_REDIRECT] 1 : Invalid condition id : UX_CORESTACK_Condition cause : null
2024-04-08 16:29:01,887 [INFO] LogOutputStream:77 - [STDOUT_REDIRECT] 1 : Invalid condition id : UX_CORESTACK_Condition cause : null
2024-04-08 16:29:01,888 [INFO] LogOutputStream:77 - [STDOUT_REDIRECT] 1 : Invalid condition id : UX_CORESTACK_Condition cause : null
2024-04-08 16:29:01,891 [WARN] PackLoader:240 - Cannot read IP mode file for STMicroelectronics.X-CUBE-AZRTOS-WL.2.0.0
2024-04-08 16:29:01,906 [WARN] PackLoader:240 - Cannot read IP mode file for STMicroelectronics.FP-SNS-MOTENV1.5.0.0
2024-04-08 16:29:01,925 [WARN] PackLoader:240 - Cannot read IP mode file for WES.I-CUBE-Cesium.1.3.0
2024-04-08 16:29:01,940 [WARN] PackLoader:240 - Cannot read IP mode file for STMicroelectronics.X-CUBE-BLE2.3.3.0
2024-04-08 16:29:01,958 [WARN] PackLoader:240 - Cannot read IP mode file for STMicroelectronics.X-CUBE-ALGOBUILD.1.3.0
2024-04-08 16:29:01,993 [WARN] PackLoader:240 - Cannot read IP mode file for STMicroelectronics.X-CUBE-AZRTOS-G0.1.1.0
2024-04-08 16:29:02,015 [WARN] PackLoader:240 - Cannot read IP mode file for STMicroelectronics.X-CUBE-SAFEA1.1.2.2
2024-04-08 16:29:02,033 [WARN] PackLoader:240 - Cannot read IP mode file for STMicroelectronics.X-CUBE-NFC4.3.0.0
2024-04-08 16:29:02,051 [WARN] PackLoader:240 - Cannot read IP mode file for wolfSSL.I-CUBE-wolfSSL.5.7.0
2024-04-08 16:29:02,067 [WARN] PackLoader:240 - Cannot read IP mode file for STMicroelectronics.FP-ATR-SIGFOX1.3.2.0
2024-04-08 16:29:02,085 [WARN] PackLoader:240 - Cannot read IP mode file for STMicroelectronics.X-CUBE-EEPRMA1.5.1.0
2024-04-08 16:29:02,104 [WARN] PackLoader:240 - Cannot read IP mode file for ITTIA_DB.I-CUBE-ITTIADB.8.9.0
2024-04-08 16:29:02,152 [WARN] PackLoader:240 - Cannot read IP mode file for SEGGER.I-CUBE-embOS.1.3.1
2024-04-08 16:29:02,218 [WARN] PackLoader:240 - Cannot read IP mode file for STMicroelectronics.X-CUBE-GNSS1.6.0.0
2024-04-08 16:29:02,254 [WARN] PackLoader:240 - Cannot read IP mode file for STMicroelectronics.X-CUBE-AZRTOS-F4.1.1.0
2024-04-08 16:29:02,296 [WARN] PackLoader:240 - Cannot read IP mode file for STMicroelectronics.X-CUBE-AZRTOS-L5.2.0.0
2024-04-08 16:29:02,320 [WARN] PackLoader:240 - Cannot read IP mode file for STMicroelectronics.X-CUBE-NFC6.3.1.0
2024-04-08 16:29:02,350 [WARN] PackLoader:240 - Cannot read IP mode file for STMicroelectronics.X-CUBE-NFC7.1.0.1
2024-04-08 16:29:02,373 [WARN] PackLoader:240 - Cannot read IP mode file for STMicroelectronics.X-CUBE-AI.8.1.0
2024-04-08 16:29:02,425 [WARN] ConditionMgr:438 - getConditionDescription Invalid condition id : LAN8742 Phy interface Condition cause : null
2024-04-08 16:29:02,426 [WARN] PackLoader:240 - Cannot read IP mode file for STMicroelectronics.X-CUBE-AZRTOS-L4.2.0.0
2024-04-08 16:29:02,428 [WARN] ConditionMgr:1039 - genDependencies : Invalid condition id : LAN8742 Phy interface Condition cause : null
2024-04-08 16:29:02,429 [WARN] ConditionMgr:1039 - genDependencies : Invalid condition id : LAN8742 Phy interface Condition cause : null
2024-04-08 16:29:02,430 [WARN] ConditionMgr:1039 - genDependencies : Invalid condition id : LAN8742 Phy interface Condition cause : null
2024-04-08 16:29:02,466 [WARN] PackLoader:240 - Cannot read IP mode file for STMicroelectronics.X-CUBE-SFXS2LP1.4.0.0
2024-04-08 16:29:02,500 [WARN] ConditionMgr:438 - getConditionDescription Invalid condition id : UX DEVICE CLASS RTOS Condition cause : null
2024-04-08 16:29:02,501 [WARN] ConditionMgr:438 - getConditionDescription Invalid condition id : UX DEVICE CLASS RTOS Condition cause : null
2024-04-08 16:29:02,504 [WARN] PackLoader:240 - Cannot read IP mode file for STMicroelectronics.X-CUBE-AZRTOS-WB.2.0.0
2024-04-08 16:29:02,505 [WARN] ConditionMgr:1039 - genDependencies : Invalid condition id : UX DEVICE CLASS RTOS Condition cause : null
2024-04-08 16:29:02,505 [WARN] ConditionMgr:1039 - genDependencies : Invalid condition id : UX DEVICE CLASS RTOS Condition cause : null
2024-04-08 16:29:02,506 [WARN] ConditionMgr:1039 - genDependencies : Invalid condition id : UX DEVICE CLASS RTOS Condition cause : null
2024-04-08 16:29:02,506 [WARN] ConditionMgr:1039 - genDependencies : Invalid condition id : UX DEVICE CLASS RTOS Condition cause : null
2024-04-08 16:29:02,506 [WARN] ConditionMgr:1039 - genDependencies : Invalid condition id : UX DEVICE CLASS RTOS Condition cause : null
2024-04-08 16:29:02,534 [WARN] PackLoader:240 - Cannot read IP mode file for STMicroelectronics.X-CUBE-SUBG2.5.0.0
2024-04-08 16:29:02,572 [WARN] PackLoader:240 - Cannot read IP mode file for STMicroelectronics.X-CUBE-AZRTOS-G4.2.0.0
2024-04-08 16:29:02,595 [WARN] PackLoader:240 - Cannot read IP mode file for STMicroelectronics.FP-SNS-MOTENVWB1.1.3.1
2024-04-08 16:29:02,615 [WARN] PackLoader:240 - Cannot read IP mode file for STMicroelectronics.X-CUBE-ISPU.2.0.0
2024-04-08 16:29:02,688 [WARN] PackLoader:240 - Cannot read IP mode file for STMicroelectronics.X-CUBE-MEMS1.10.0.0
2024-04-08 16:29:02,846 [WARN] PackLoader:240 - Cannot read IP mode file for STMicroelectronics.X-CUBE-FREERTOS.1.1.0
2024-04-08 16:29:02,866 [WARN] PackLoader:240 - Cannot read IP mode file for portGmbH.I-Cube-SoM-uGOAL.1.1.0
2024-04-08 16:29:02,884 [WARN] PackLoader:240 - Cannot read IP mode file for STMicroelectronics.X-CUBE-ALS.1.0.1
2024-04-08 16:29:02,903 [WARN] PackLoader:240 - Cannot read IP mode file for STMicroelectronics.FP-ATR-ASTRA1.2.0.0
2024-04-08 16:29:02,928 [WARN] PackLoader:240 - Cannot read IP mode file for STMicroelectronics.X-CUBE-TOF1.3.4.1
2024-04-08 16:29:02,981 [WARN] PackLoader:240 - Cannot read IP mode file for STMicroelectronics.X-CUBE-AZRTOS-H7.3.2.0
2024-04-08 16:29:03,012 [WARN] PackLoader:240 - Cannot read IP mode file for Infineon.AIROC-Wi-Fi-Bluetooth-STM32.1.6.0
2024-04-08 16:29:03,016 [INFO] ThirdParty:978 - Integrity check success = true
2024-04-08 16:29:03,016 [INFO] IntegrityCheckThread:100 - exiting critical section [integrity check]
2024-04-08 16:29:03,016 [INFO] IntegrityCheckThread:103 - End integrity checks thread
